GhostNet V2
--------------------------------------------------
Epoch 1:
	Train loss: 0.835, Train Accuracy: 70.54%
	Test Loss: 0.816, Test Accuracy: 72.01%
	Elapsed Time: 0h 2m 59s
GhostNet V2
--------------------------------------------------
Epoch 2:
	Train loss: 0.790, Train Accuracy: 72.33%
	Test Loss: 0.728, Test Accuracy: 75.54%
	Elapsed Time: 0h 2m 58s
GhostNet V2
--------------------------------------------------
Epoch 3:
	Train loss: 0.757, Train Accuracy: 73.64%
	Test Loss: 0.745, Test Accuracy: 79.88%
	Elapsed Time: 0h 2m 59s
GhostNet V2
--------------------------------------------------
Epoch 4:
	Train loss: 0.728, Train Accuracy: 74.67%
	Test Loss: 0.687, Test Accuracy: 77.56%
	Elapsed Time: 0h 2m 58s
GhostNet V2
--------------------------------------------------
Epoch 5:
	Train loss: 0.698, Train Accuracy: 75.81%
	Test Loss: 0.612, Test Accuracy: 79.14%
	Elapsed Time: 0h 2m 59s
GhostNet V2
--------------------------------------------------
Epoch 6:
	Train loss: 0.668, Train Accuracy: 76.93%
	Test Loss: 0.651, Test Accuracy: 77.69%
	Elapsed Time: 0h 2m 59s
GhostNet V2
--------------------------------------------------
Epoch 7:
	Train loss: 0.642, Train Accuracy: 77.67%
	Test Loss: 0.676, Test Accuracy: 74.08%
	Elapsed Time: 0h 2m 58s
GhostNet V2
--------------------------------------------------
Epoch 8:
	Train loss: 0.622, Train Accuracy: 78.55%
	Test Loss: 0.623, Test Accuracy: 78.21%
	Elapsed Time: 0h 2m 58s
GhostNet V2
--------------------------------------------------
Epoch 9:
	Train loss: 0.605, Train Accuracy: 79.35%
	Test Loss: 0.687, Test Accuracy: 72.46%
	Elapsed Time: 0h 2m 59s
GhostNet V2
--------------------------------------------------
Epoch 10:
	Train loss: 0.590, Train Accuracy: 79.63%
	Test Loss: 0.689, Test Accuracy: 71.35%
	Elapsed Time: 0h 2m 59s
GhostNet V2
--------------------------------------------------
Epoch 11:
	Train loss: 0.580, Train Accuracy: 79.94%
	Test Loss: 0.632, Test Accuracy: 76.53%
	Elapsed Time: 0h 2m 59s
GhostNet V2
--------------------------------------------------
Epoch 12:
	Train loss: 0.564, Train Accuracy: 80.41%
	Test Loss: 0.671, Test Accuracy: 77.98%
	Elapsed Time: 0h 2m 59s
GhostNet V2
--------------------------------------------------
Epoch 13:
	Train loss: 0.548, Train Accuracy: 81.25%
	Test Loss: 9.541, Test Accuracy: 77.56%
	Elapsed Time: 0h 2m 59s
GhostNet V2
--------------------------------------------------
Epoch 14:
	Train loss: 0.543, Train Accuracy: 81.34%
	Test Loss: 5.021, Test Accuracy: 77.69%
	Elapsed Time: 0h 2m 58s
GhostNet V2
--------------------------------------------------
Epoch 15:
	Train loss: 0.532, Train Accuracy: 81.69%
	Test Loss: 0.596, Test Accuracy: 77.40%
	Elapsed Time: 0h 2m 59s
GhostNet V2
--------------------------------------------------
Epoch 16:
	Train loss: 0.526, Train Accuracy: 81.97%
	Test Loss: 0.548, Test Accuracy: 77.09%
	Elapsed Time: 0h 2m 59s
GhostNet V2
--------------------------------------------------
Epoch 17:
	Train loss: 0.516, Train Accuracy: 82.32%
	Test Loss: 0.576, Test Accuracy: 75.69%
	Elapsed Time: 0h 2m 58s
GhostNet V2
--------------------------------------------------
Epoch 18:
	Train loss: 0.506, Train Accuracy: 82.78%
	Test Loss: 0.552, Test Accuracy: 80.51%
	Elapsed Time: 0h 2m 58s
GhostNet V2
--------------------------------------------------
Epoch 19:
	Train loss: 0.497, Train Accuracy: 82.88%
	Test Loss: 0.508, Test Accuracy: 81.85%
	Elapsed Time: 0h 2m 59s
GhostNet V2
--------------------------------------------------
Epoch 20:
	Train loss: 0.489, Train Accuracy: 83.25%
	Test Loss: 0.560, Test Accuracy: 80.65%
	Elapsed Time: 0h 2m 59s
GhostNet V2
--------------------------------------------------
Epoch 21:
	Train loss: 0.481, Train Accuracy: 83.51%
	Test Loss: 0.583, Test Accuracy: 79.18%
	Elapsed Time: 0h 2m 59s
GhostNet V2
--------------------------------------------------
Epoch 22:
	Train loss: 0.478, Train Accuracy: 83.60%
	Test Loss: 0.506, Test Accuracy: 82.54%
	Elapsed Time: 0h 2m 59s
GhostNet V2
--------------------------------------------------
Epoch 23:
	Train loss: 0.473, Train Accuracy: 83.75%
	Test Loss: 0.492, Test Accuracy: 83.67%
	Elapsed Time: 0h 2m 59s
GhostNet V2
--------------------------------------------------
Epoch 24:
	Train loss: 0.464, Train Accuracy: 84.11%
	Test Loss: 0.533, Test Accuracy: 81.12%
	Elapsed Time: 0h 2m 59s
GhostNet V2
--------------------------------------------------
Epoch 29:
	Train loss: 0.456, Train Accuracy: 84.66%
	Test Loss: 0.564, Test Accuracy: 80.28%
	Elapsed Time: 0h 3m 11s
GhostNet V2
--------------------------------------------------
Epoch 30:
	Train loss: 0.458, Train Accuracy: 84.60%
	Test Loss: 0.526, Test Accuracy: 81.70%
	Elapsed Time: 0h 3m 5s
GhostNet V2
--------------------------------------------------
Epoch 31:
	Train loss: 0.425, Train Accuracy: 85.81%
	Test Loss: 0.442, Test Accuracy: 83.38%
	Elapsed Time: 0h 3m 4s
GhostNet V2
--------------------------------------------------
Epoch 33:
	Train loss: 0.408, Train Accuracy: 86.41%
	Test Loss: 0.428, Test Accuracy: 83.67%
	Elapsed Time: 0h 3m 4s
GhostNet V2
--------------------------------------------------
Epoch 34:
	Train loss: 0.426, Train Accuracy: 85.85%
	Test Loss: 0.433, Test Accuracy: 83.15%
	Elapsed Time: 0h 3m 4s
GhostNet V2
--------------------------------------------------
Epoch 35:
	Train loss: 0.399, Train Accuracy: 86.56%
	Test Loss: 0.429, Test Accuracy: 83.66%
	Elapsed Time: 0h 3m 4s
GhostNet V2
--------------------------------------------------
Epoch 36:
	Train loss: 0.341, Train Accuracy: 87.55%
	Test Loss: 0.516, Test Accuracy: 80.10%
	Elapsed Time: 0h 3m 5s
GhostNet V2
--------------------------------------------------
Epoch 37:
	Train loss: 0.375, Train Accuracy: 87.16%
	Test Loss: 0.509, Test Accuracy: 80.38%
	Elapsed Time: 0h 3m 4s
GhostNet V2
--------------------------------------------------
Epoch 38:
	Train loss: 0.376, Train Accuracy: 87.45%
	Test Loss: 0.407, Test Accuracy: 84.71%
	Elapsed Time: 0h 3m 3s
GhostNet V2
--------------------------------------------------
Epoch 39:
	Train loss: 0.406, Train Accuracy: 84.86%
	Test Loss: 0.485, Test Accuracy: 80.10%
	Elapsed Time: 0h 3m 3s
GhostNet V2
--------------------------------------------------
Epoch 40:
	Train loss: 0.373, Train Accuracy: 87.79%
	Test Loss: 0.464, Test Accuracy: 81.78%
	Elapsed Time: 0h 3m 3s
GhostNet V2
--------------------------------------------------
Epoch 41:
	Train loss: 0.391, Train Accuracy: 87.18%
	Test Loss: 0.444, Test Accuracy: 81.94%
	Elapsed Time: 0h 3m 3s
GhostNet V2
--------------------------------------------------
Epoch 42:
	Train loss: 0.394, Train Accuracy: 87.13%
	Test Loss: 0.489, Test Accuracy: 81.15%
	Elapsed Time: 0h 3m 3s
GhostNet V2
--------------------------------------------------
Epoch 43:
	Train loss: 0.378, Train Accuracy: 87.53%
	Test Loss: 0.434, Test Accuracy: 81.63%
	Elapsed Time: 0h 3m 3s
GhostNet V2
--------------------------------------------------
Epoch 44:
	Train loss: 0.356, Train Accuracy: 87.94%
	Test Loss: 0.467, Test Accuracy: 81.37%
	Elapsed Time: 0h 3m 3s
GhostNet V2
--------------------------------------------------
Epoch 45:
	Train loss: 0.352, Train Accuracy: 87.77%
	Test Loss: 0.453, Test Accuracy: 82.06%
	Elapsed Time: 0h 3m 3s
GhostNet V2
--------------------------------------------------
Epoch 46:
	Train loss: 0.344, Train Accuracy: 87.89%
	Test Loss: 0.475, Test Accuracy: 81.51%
	Elapsed Time: 0h 3m 3s
GhostNet V2
--------------------------------------------------
Epoch 47:
	Train loss: 0.325, Train Accuracy: 88.35%
	Test Loss: 0.448, Test Accuracy: 82.11%
	Elapsed Time: 0h 3m 3s
GhostNet V2
--------------------------------------------------
Epoch 48:
	Train loss: 0.349, Train Accuracy: 87.96%
	Test Loss: 0.498, Test Accuracy: 81.52%
	Elapsed Time: 0h 3m 3s
GhostNet V2
--------------------------------------------------
Epoch 49:
	Train loss: 0.353, Train Accuracy: 87.05%
	Test Loss: 0.492, Test Accuracy: 81.77%
	Elapsed Time: 0h 3m 3s
GhostNet V2
--------------------------------------------------
Epoch 50:
	Train loss: 0.337, Train Accuracy: 88.36%
	Test Loss: 0.496, Test Accuracy: 81.57%
	Elapsed Time: 0h 3m 3s
GhostNet V2
--------------------------------------------------
Epoch 51:
    Train loss: 0.329, Train Accuracy: 88.36%
    Test Loss: 0.491, Test Accuracy: 82.45%
    Elapsed Time: 0h 3m 3s
GhostNet V2
--------------------------------------------------
Epoch 52:
    Train loss: 0.326, Train Accuracy: 88.39%
    Test Loss: 0.503, Test Accuracy: 82.35%
    Elapsed Time: 0h 3m 3s
GhostNet V2
--------------------------------------------------
Epoch 53:
    Train loss: 0.325, Train Accuracy: 88.40%
    Test Loss: 0.484, Test Accuracy: 82.44%
    Elapsed Time: 0h 3m 3s
GhostNet V2
--------------------------------------------------
Epoch 54:
    Train loss: 0.324, Train Accuracy: 88.37%
    Test Loss: 0.495, Test Accuracy: 82.66%
    Elapsed Time: 0h 3m 3s
GhostNet V2
--------------------------------------------------
Epoch 55:
    Train loss: 0.320, Train Accuracy: 88.54%
    Test Loss: 0.492, Test Accuracy: 82.61%
    Elapsed Time: 0h 3m 3s
GhostNet V2
--------------------------------------------------
Epoch 56:
    Train loss: 0.316, Train Accuracy: 88.68%
    Test Loss: 0.495, Test Accuracy: 82.55%
    Elapsed Time: 0h 3m 3s
GhostNet V2
--------------------------------------------------
Epoch 57:
    Train loss: 0.319, Train Accuracy: 88.49%
    Test Loss: 0.509, Test Accuracy: 82.24%
    Elapsed Time: 0h 3m 3s
GhostNet V2
--------------------------------------------------
Epoch 58:
    Train loss: 0.314, Train Accuracy: 88.71%
    Test Loss: 0.494, Test Accuracy: 82.47%
    Elapsed Time: 0h 3m 3s
GhostNet V2
--------------------------------------------------
Epoch 59:
    Train loss: 0.311, Train Accuracy: 88.75%
    Test Loss: 0.495, Test Accuracy: 82.66%
    Elapsed Time: 0h 3m 3s
GhostNet V2
--------------------------------------------------
Epoch 60:
    Train loss: 0.308, Train Accuracy: 88.81%
    Test Loss: 0.503, Test Accuracy: 82.34%
    Elapsed Time: 0h 3m 3s
GhostNet V2
--------------------------------------------------
Epoch 61:
    Train loss: 0.308, Train Accuracy: 88.81%
    Test Loss: 0.525, Test Accuracy: 81.91%
    Elapsed Time: 0h 3m 3s
GhostNet V2
--------------------------------------------------
Epoch 62:
    Train loss: 0.310, Train Accuracy: 88.80%
    Test Loss: 0.500, Test Accuracy: 82.22%
    Elapsed Time: 0h 3m 3s
GhostNet V2
--------------------------------------------------
Epoch 63:
    Train loss: 0.300, Train Accuracy: 88.98%
    Test Loss: 0.516, Test Accuracy: 82.37%
    Elapsed Time: 0h 3m 3s
GhostNet V2
--------------------------------------------------
Epoch 64:
    Train loss: 0.300, Train Accuracy: 89.00%
    Test Loss: 0.504, Test Accuracy: 82.35%
    Elapsed Time: 0h 3m 3s
GhostNet V2
--------------------------------------------------
Epoch 65:
    Train loss: 0.300, Train Accuracy: 88.97%
    Test Loss: 0.521, Test Accuracy: 81.95%
    Elapsed Time: 0h 3m 3s
GhostNet V2
--------------------------------------------------
Epoch 66:
    Train loss: 0.294, Train Accuracy: 89.11%
    Test Loss: 0.526, Test Accuracy: 81.96%
    Elapsed Time: 0h 3m 3s
GhostNet V2
--------------------------------------------------
Epoch 67:
    Train loss: 0.296, Train Accuracy: 89.10%
    Test Loss: 0.506, Test Accuracy: 82.34%
    Elapsed Time: 0h 3m 3s
GhostNet V2
--------------------------------------------------
Epoch 68:
    Train loss: 0.293, Train Accuracy: 89.13%
    Test Loss: 0.539, Test Accuracy: 81.83%
    Elapsed Time: 0h 3m 3s
GhostNet V2
--------------------------------------------------
Epoch 69:
    Train loss: 0.291, Train Accuracy: 89.18%
    Test Loss: 0.528, Test Accuracy: 82.25%
    Elapsed Time: 0h 3m 3s
GhostNet V2
--------------------------------------------------
Epoch 70:
    Train loss: 0.288, Train Accuracy: 89.21%
    Test Loss: 0.513, Test Accuracy: 82.15%
    Elapsed Time: 0

h 3m 3s
GhostNet V2
--------------------------------------------------
Epoch 71:
    Train loss: 0.284, Train Accuracy: 89.33%
    Test Loss: 0.532, Test Accuracy: 81.67%
    Elapsed Time: 0h 3m 3s
GhostNet V2
--------------------------------------------------
Epoch 72:
    Train loss: 0.288, Train Accuracy: 89.22%
    Test Loss: 0.514, Test Accuracy: 82.41%
    Elapsed Time: 0h 3m 3s
GhostNet V2
--------------------------------------------------
Epoch 73:
    Train loss: 0.284, Train Accuracy: 89.34%
    Test Loss: 0.522, Test Accuracy: 82.08%
    Elapsed Time: 0h 3m 3s
GhostNet V2
--------------------------------------------------
Epoch 74:
    Train loss: 0.282, Train Accuracy: 89.35%
    Test Loss: 0.530, Test Accuracy: 82.13%
    Elapsed Time: 0h 3m 3s
GhostNet V2
--------------------------------------------------
Epoch 75:
    Train loss: 0.280, Train Accuracy: 89.40%
    Test Loss: 0.528, Test Accuracy: 82.08%
    Elapsed Time: 0h 3m 3s
GhostNet V2
--------------------------------------------------
Epoch 76:
    Train loss: 0.280, Train Accuracy: 89.38%
    Test Loss: 0.531, Test Accuracy: 81.83%
    Elapsed Time: 0h 3m 3s
GhostNet V2
--------------------------------------------------
Epoch 77:
    Train loss: 0.274, Train Accuracy: 89.57%
    Test Loss: 0.542, Test Accuracy: 81.95%
    Elapsed Time: 0h 3m 3s
GhostNet V2
--------------------------------------------------
Epoch 78:
    Train loss: 0.273, Train Accuracy: 89.58%
    Test Loss: 0.541, Test Accuracy: 82.01%
    Elapsed Time: 0h 3m 3s
GhostNet V2
--------------------------------------------------
Epoch 79:
    Train loss: 0.273, Train Accuracy: 89.55%
    Test Loss: 0.554, Test Accuracy: 81.69%
    Elapsed Time: 0h 3m 3s
GhostNet V2
--------------------------------------------------
Epoch 80:
    Train loss: 0.272, Train Accuracy: 89.57%
    Test Loss: 0.536, Test Accuracy: 81.76%
    Elapsed Time: 0h 3m 3s
GhostNet V2
--------------------------------------------------
Epoch 81:
    Train loss: 0.266, Train Accuracy: 89.71%
    Test Loss: 0.560, Test Accuracy: 81.39%
    Elapsed Time: 0h 3m 3s
GhostNet V2
--------------------------------------------------
Epoch 82:
    Train loss: 0.264, Train Accuracy: 89.76%
    Test Loss: 0.547, Test Accuracy: 81.66%
    Elapsed Time: 0h 3m 3s
GhostNet V2
--------------------------------------------------
Epoch 83:
    Train loss: 0.267, Train Accuracy: 89.69%
    Test Loss: 0.555, Test Accuracy: 81.53%
    Elapsed Time: 0h 3m 3s
GhostNet V2
--------------------------------------------------
Epoch 84:
    Train loss: 0.260, Train Accuracy: 89.82%
    Test Loss: 0.560, Test Accuracy: 81.49%
    Elapsed Time: 0h 3m 3s
GhostNet V2
--------------------------------------------------
Epoch 85:
    Train loss: 0.263, Train Accuracy: 89.77%
    Test Loss: 0.556, Test Accuracy: 81.59%
    Elapsed Time: 0h 3m 3s
GhostNet V2
--------------------------------------------------
Epoch 86:
    Train loss: 0.259, Train Accuracy: 89.82%
    Test Loss: 0.559, Test Accuracy: 81.51%
    Elapsed Time: 0h 3m 3s
GhostNet V2
--------------------------------------------------
Epoch 87:
    Train loss: 0.259, Train Accuracy: 89.84%
    Test Loss: 0.566, Test Accuracy: 81.42%
    Elapsed Time: 0h 3m 3s
GhostNet V2
--------------------------------------------------
Epoch 88:
    Train loss: 0.254, Train Accuracy: 89.95%
    Test Loss: 0.566, Test Accuracy: 81.38%
    Elapsed Time: 0h 3m 3s
GhostNet V2
--------------------------------------------------
Epoch 89:
    Train loss: 0.254, Train Accuracy: 89.95%
    Test Loss: 0.570, Test Accuracy: 81.39%
    Elapsed Time: 0h 3m 3s
GhostNet V2
--------------------------------------------------
Epoch 90:
    Train loss: 0.250, Train Accuracy: 90.07%
    Test Loss: 0.573, Test Accuracy: 81.25%
    Elapsed Time: 0h 3m 3s
GhostNet V2
--------------------------------------------------
Epoch 91:
    Train loss: 0.251, Train Accuracy: 90.04%
    Test Loss: 0.571, Test Accuracy: 81.31%
    Elapsed Time: 0h 3m 3s
GhostNet V2
--------------------------------------------------
Epoch 92:
    Train loss: 0.246, Train Accuracy: 90.18%
    Test Loss: 0.577, Test Accuracy: 81.07%
    Elapsed Time: 0h 3m 3s
GhostNet V2
--------------------------------------------------
Epoch 93:
    Train loss: 0.243, Train Accuracy: 90.26%
    Test Loss: 0.588, Test Accuracy: 81.05%
    Elapsed Time: 0h 3m 3s
GhostNet V2
--------------------------------------------------
Epoch 94:
    Train loss: 0.247, Train Accuracy: 90.12%
    Test Loss: 0.595, Test Accuracy: 81.04%
    Elapsed Time: 0h 3m 3s
GhostNet V2
--------------------------------------------------
Epoch 95:
    Train loss: 0.245, Train Accuracy: 90.16%
    Test Loss: 0.590, Test Accuracy: 80.92%
    Elapsed Time: 0h 3m 13s
GhostNet V2
--------------------------------------------------
Epoch 96:
    Train loss: 0.242, Train Accuracy: 90.27%


    Test Loss: 0.595, Test Accuracy: 80.94%
    Elapsed Time: 0h 3m 3s
GhostNet V2
--------------------------------------------------
Epoch 97:
    Train loss: 0.237, Train Accuracy: 90.37%
    Test Loss: 0.593, Test Accuracy: 80.80%
    Elapsed Time: 0h 3m 1s
GhostNet V2
--------------------------------------------------
Epoch 98:
    Train loss: 0.236, Train Accuracy: 90.39%
    Test Loss: 0.603, Test Accuracy: 80.90%
    Elapsed Time: 0h 3m 2s
GhostNet V2
--------------------------------------------------
Epoch 99:
    Train loss: 0.238, Train Accuracy: 90.34%
    Test Loss: 0.610, Test Accuracy: 80.75%
    Elapsed Time: 0h 3m 7s
GhostNet V2
--------------------------------------------------
Epoch 100:
    Train loss: 0.232, Train Accuracy: 90.48%
    Test Loss: 0.600, Test Accuracy: 81.02%
    Elapsed Time: 0h 3m 4s