ResNet-50
--------------------------------------------------
Epoch 1:
Test Loss: 0.089 		 Accuracy: 97.07%
Training Loss: 0.125 		 Training Accuracy: 96.03%
	Elapsed Time: 7m 35s
	Total Elapsed Time: 0h 7m 35s
--------------------------------------------------
ResNet-50
--------------------------------------------------
Epoch 2:
Test Loss: 0.074 		 Accuracy: 97.53%
Training Loss: 0.112 		 Training Accuracy: 96.53%
	Elapsed Time: 7m 44s
	Total Elapsed Time: 0h 15m 19s
--------------------------------------------------
ResNet-50
--------------------------------------------------
Epoch 3:
Test Loss: 0.078 		 Accuracy: 97.46%
Training Loss: 0.094 		 Training Accuracy: 96.98%
	Elapsed Time: 7m 41s
	Total Elapsed Time: 0h 23m 0s
--------------------------------------------------
ResNet-50
--------------------------------------------------
Epoch 4:
Test Loss: 0.060 		 Accuracy: 98.04%
Training Loss: 0.083 		 Training Accuracy: 97.36%
	Elapsed Time: 7m 38s
	Total Elapsed Time: 0h 30m 38s
--------------------------------------------------
ResNet-50
--------------------------------------------------
Epoch 5:
Test Loss: 0.056 		 Accuracy: 98.28%
Training Loss: 0.075 		 Training Accuracy: 97.61%
	Elapsed Time: 7m 34s
	Total Elapsed Time: 0h 38m 12s
--------------------------------------------------
ResNet-50
--------------------------------------------------
Epoch 6:
Test Loss: 0.042 		 Accuracy: 98.50%
Training Loss: 0.069 		 Training Accuracy: 97.83%
	Elapsed Time: 7m 31s
	Total Elapsed Time: 0h 45m 43s
--------------------------------------------------
ResNet-50
--------------------------------------------------
Epoch 7:
Test Loss: 0.043 		 Accuracy: 98.62%
Training Loss: 0.065 		 Training Accuracy: 97.93%
	Elapsed Time: 7m 27s
	Total Elapsed Time: 0h 53m 10s
--------------------------------------------------
ResNet-50
--------------------------------------------------
Epoch 8:
Test Loss: 0.041 		 Accuracy: 98.72%
Training Loss: 0.058 		 Training Accuracy: 98.25%
	Elapsed Time: 7m 24s
	Total Elapsed Time: 1h 0m 34s
--------------------------------------------------
ResNet-50
--------------------------------------------------
Epoch 9:
Test Loss: 0.035 		 Accuracy: 98.83%
Training Loss: 0.058 		 Training Accuracy: 98.25%
	Elapsed Time: 7m 20s
	Total Elapsed Time: 1h 7m 54s
--------------------------------------------------
ResNet-50
--------------------------------------------------
Epoch 10:
Test Loss: 0.037 		 Accuracy: 98.86%
Training Loss: 0.053 		 Training Accuracy: 98.37%
	Elapsed Time: 7m 16s
	Total Elapsed Time: 1h 15m 10s
--------------------------------------------------
ResNet-50
--------------------------------------------------
Epoch 11:
Test Loss: 0.034 		 Accuracy: 98.94%
Training Loss: 0.051 		 Training Accuracy: 98.37%
	Elapsed Time: 7m 13s
	Total Elapsed Time: 1h 22m 23s
--------------------------------------------------
ResNet-50
--------------------------------------------------
Epoch 12:
Test Loss: 0.035 		 Accuracy: 98.92%
Training Loss: 0.048 		 Training Accuracy: 98.49%
	Elapsed Time: 7m 9s
	Total Elapsed Time: 1h 29m 32s
--------------------------------------------------
ResNet-50
--------------------------------------------------
Epoch 13:
Test Loss: 0.032 		 Accuracy: 99.00%
Training Loss: 0.045 		 Training Accuracy: 98.59%
	Elapsed Time: 7m 13s
	Total Elapsed Time: 1h 36m 45s
--------------------------------------------------
ResNet-50
--------------------------------------------------
Epoch 14:
Test Loss: 0.031 		 Accuracy: 99.03%
Training Loss: 0.045 		 Training Accuracy: 98.62%
	Elapsed Time: 7m 0s
	Total Elapsed Time: 1h 43m 45s
--------------------------------------------------
ResNet-50
--------------------------------------------------
Epoch 15:
Test Loss: 0.031 		 Accuracy: 99.09%
Training Loss: 0.064 		 Training Accuracy: 98.21%
	Elapsed Time: 7m 57s
	Total Elapsed Time: 1h 51m 42s
--------------------------------------------------
ResNet-50
--------------------------------------------------
Epoch 16:
Test Loss: 0.155 		 Accuracy: 97.15%
Training Loss: 0.063 		 Training Accuracy: 98.12%
	Elapsed Time: 7m 52s
	Total Elapsed Time: 1h 59m 34s
--------------------------------------------------
ResNet-50
--------------------------------------------------
Epoch 17:
Test Loss: 0.030 		 Accuracy: 98.84%
Training Loss: 0.050 		 Training Accuracy: 98.48%
	Elapsed Time: 7m 47s
	Total Elapsed Time: 2h 7m 21s
--------------------------------------------------
ResNet-50
--------------------------------------------------
Epoch 18:
Test Loss: 0.030 		 Accuracy: 99.07%
Training Loss: 0.042 		 Training Accuracy: 98.66%
	Elapsed Time: 7m 44s
	Total Elapsed Time: 2h 15m 5s
--------------------------------------------------
ResNet-50
--------------------------------------------------
Epoch 19:
Test Loss: 0.034 		 Accuracy: 98.91%
Training Loss: 0.039 		 Training Accuracy: 98.80%
	Elapsed Time: 7m 39s
	Total Elapsed Time: 2h 22m 44s
--------------------------------------------------
ResNet-50
--------------------------------------------------
Epoch 20:
Test Loss: 0.025 		 Accuracy: 99.18%
Training Loss: 0.036 		 Training Accuracy: 98.90%
	Elapsed Time: 7m 35s
	Total Elapsed Time: 2h 30m 19s
--------------------------------------------------
ResNet-50
--------------------------------------------------
Epoch 21:
Test Loss: 0.029 		 Accuracy: 99.17%
Training Loss: 0.034 		 Training Accuracy: 98.93%
	Elapsed Time: 7m 32s
	Total Elapsed Time: 2h 37m 51s
--------------------------------------------------
ResNet-50
--------------------------------------------------
Epoch 22:
Test Loss: 0.024 		 Accuracy: 99.20%
Training Loss: 0.033 		 Training Accuracy: 98.98%
	Elapsed Time: 7m 27s
	Total Elapsed Time: 2h 45m 18s
--------------------------------------------------
ResNet-50
--------------------------------------------------
Epoch 23:
Test Loss: 0.027 		 Accuracy: 99.16%
Training Loss: 0.039 		 Training Accuracy: 98.80%
	Elapsed Time: 7m 22s
	Total Elapsed Time: 2h 52m 40s
--------------------------------------------------
ResNet-50
--------------------------------------------------
Epoch 24:
Test Loss: 0.028 		 Accuracy: 99.07%
Training Loss: 0.033 		 Training Accuracy: 98.94%
	Elapsed Time: 7m 17s
	Total Elapsed Time: 2h 59m 57s
--------------------------------------------------
ResNet-50
--------------------------------------------------
Epoch 25:
Test Loss: 0.020 		 Accuracy: 99.30%
Training Loss: 0.032 		 Training Accuracy: 98.98%
	Elapsed Time: 7m 14s
	Total Elapsed Time: 3h 07m 11s
--------------------------------------------------
ResNet-50
--------------------------------------------------
Epoch 26:
Test Loss: 0.023 		 Accuracy: 99.25%
Training Loss: 0.032 		 Training Accuracy: 99.03%
	Elapsed Time: 7m 9s
	Total Elapsed Time: 3h 14m 18s
--------------------------------------------------
ResNet-50
--------------------------------------------------
Epoch 27:
Test Loss: 0.024 		 Accuracy: 99.19%
Training Loss: 0.031 		 Training Accuracy: 99.00%
	Elapsed Time: 7m 4s
	Total Elapsed Time: 3h 1m 22s
--------------------------------------------------
ResNet-50
--------------------------------------------------
Epoch 28:
Test Loss: 0.022 		 Accuracy: 99.29%
Training Loss: 0.019 		 Training Accuracy: 99.42%
	Elapsed Time: 7m 1s
	Total Elapsed Time: 3h 8m 23s
--------------------------------------------------
ResNet-50
--------------------------------------------------
Epoch 29:
Test Loss: 0.016 		 Accuracy: 99.44%
Training Loss: 0.015 		 Training Accuracy: 99.50%
	Elapsed Time: 7m 58s
	Total Elapsed Time: 3h 16m 21s
--------------------------------------------------
ResNet-50
--------------------------------------------------
Epoch 30:
Test Loss: 0.014 		 Accuracy: 99.52%
Training Loss: 0.015 		 Training Accuracy: 99.54%
	Elapsed Time: 7m 55s
	Total Elapsed Time: 3h 24m 16s
--------------------------------------------------
ResNet-50
--------------------------------------------------
Epoch 31:
Test Loss: 0.014 		 Accuracy: 99.50%
Training Loss: 0.014 		 Training Accuracy: 99.58%
	Elapsed Time: 7m 52s
	Total Elapsed Time: 3h 32m 8s
--------------------------------------------------
ResNet-50
--------------------------------------------------
Epoch 32:
Test Loss: 0.016 		 Accuracy: 99.40%
Training Loss: 0.013 		 Training Accuracy: 99.61%
	Elapsed Time: 7m 48s
	Total Elapsed Time: 3h 39m 56s
--------------------------------------------------
ResNet-50
--------------------------------------------------
Epoch 33:
Test Loss: 0.015 		 Accuracy: 99.50%
Training Loss: 0.012 		 Training Accuracy: 99.67%
	Elapsed Time: 7m 43s
	Total Elapsed Time: 3h 47m 39s
--------------------------------------------------
ResNet-50
--------------------------------------------------
Epoch 34:
Test Loss: 0.013 		 Accuracy: 99.53%
Training Loss: 0.012 		 Training Accuracy: 99.65%
	Elapsed Time: 7m 39s
	Total Elapsed Time: 3h 55m 28s
--------------------------------------------------
ResNet-50
--------------------------------------------------
Epoch 35:
Test Loss: 0.013 		 Accuracy: 99.56%
Training Loss: 0.011 		 Training Accuracy: 99.64%
	Elapsed Time: 7m 35s
	Total Elapsed Time: 4h 3m 3s
--------------------------------------------------
ResNet-50
--------------------------------------------------
Epoch 36:
Test Loss: 0.014 		 Accuracy: 99.51%
Training Loss: 0.011 		 Training Accuracy: 99.64%
	Elapsed Time: 7m 31s
	Total Elapsed Time: 4h 10m 34s
--------------------------------------------------
ResNet-50
--------------------------------------------------
Epoch 37:
Test Loss: 0.014 		 Accuracy: 99.55%
Training Loss: 0.010 		 Training Accuracy: 99.67%
	Elapsed Time: 7m 26s
	Total Elapsed Time: 4h 18m 0s
--------------------------------------------------
ResNet-50
--------------------------------------------------
Epoch 38:
Test Loss: 0.013 		 Accuracy: 99.55%
Training Loss: 0.010 		 Training Accuracy: 99.67%
	Elapsed Time: 7m 22s
	Total Elapsed Time: 4h 25m 22s
--------------------------------------------------
ResNet-50
--------------------------------------------------
Epoch 39:
Test Loss: 0.014 		 Accuracy: 99.54%
Training Loss: 0.010 		 Training Accuracy: 99.69%
	Elapsed Time: 7m 18s
	Total Elapsed Time: 4h 32m 40s
--------------------------------------------------
ResNet-50
--------------------------------------------------
Epoch 40:
Test Loss: 0.014 		 Accuracy: 99.56%
Training Loss: 0.009 		 Training Accuracy: 99.70%
	Elapsed Time: 7m 14s
	Total Elapsed Time: 4h 39m 54s
--------------------------------------------------
ResNet-50
--------------------------------------------------
Epoch 41:
Test Loss: 0.012 		 Accuracy: 99.57%
Training Loss: 0.008 		 Training Accuracy: 99.75%
	Elapsed Time: 7m 9s
	Total Elapsed Time: 4h 47m 3s
--------------------------------------------------
ResNet-50
--------------------------------------------------
Epoch 42:
Test Loss: 0.013 		 Accuracy: 99.57%
Training Loss: 0.009 		 Training Accuracy: 99.71%
	Elapsed Time: 7m 5s
	Total Elapsed Time: 4h 54m 8s
--------------------------------------------------
ResNet-50
--------------------------------------------------
Epoch 43:
Test Loss: 0.013 		 Accuracy: 99.54%
Training Loss: 0.009 		 Training Accuracy: 99.72%
	Elapsed Time: 7m 0s
	Total Elapsed Time: 5h 1m 8s
--------------------------------------------------
ResNet-50
--------------------------------------------------
Epoch 44:
Test Loss: 0.013 		 Accuracy: 99.58%
Training Loss: 0.008 		 Training Accuracy: 99.74%
	Elapsed Time: 7m 55s
	Total Elapsed Time: 5h 9m 3s
--------------------------------------------------
ResNet-50
--------------------------------------------------
Epoch 45:
Test Loss: 0.012 		 Accuracy: 99.56%
Training Loss: 0.009 		 Training Accuracy: 99.71%
	Elapsed Time: 7m 51s
	Total Elapsed Time: 5h 16m 54s
--------------------------------------------------
ResNet-50
--------------------------------------------------
Epoch 46:
Test Loss: 0.013 		 Accuracy: 99.55%
Training Loss: 0.008 		 Training Accuracy: 99.73%
	Elapsed Time: 7m 48s
	Total Elapsed Time: 5h 24m 42s
--------------------------------------------------
ResNet-50
--------------------------------------------------
Epoch 47:
Test Loss: 0.013 		 Accuracy: 99.49%
Training Loss: 0.008 		 Training Accuracy: 99.75%
	Elapsed Time: 7m 45s
	Total Elapsed Time: 5h 32m 27s
--------------------------------------------------
ResNet-50
--------------------------------------------------
Epoch 48:
Test Loss: 0.013 		 Accuracy: 99.54%
Training Loss: 0.007 		 Training Accuracy: 99.77%
	Elapsed Time: 7m 40s
	Total Elapsed Time: 5h 40m 7s
--------------------------------------------------
ResNet-50
--------------------------------------------------
Epoch 49:
Test Loss: 0.013 		 Accuracy: 99.54%
Training Loss: 0.008 		 Training Accuracy: 99.75%
	Elapsed Time: 7m 37s
	Total Elapsed Time: 5h 47m 44s
--------------------------------------------------
ResNet-50
--------------------------------------------------
Epoch 50:
Test Loss: 0.013 		 Accuracy: 99.54%
Training Loss: 0.008 		 Training Accuracy: 99.72%
	Elapsed Time: 7m 33s
	Total Elapsed Time: 5h 55m 17s
--------------------------------------------------
