VGG-16
--------------------------------------------------
Epoch 1:
	Train loss: 1486.927, Train Accuracy: 26.42%
VGG-16
--------------------------------------------------
Epoch 2:
	Train loss: 1069.691, Train Accuracy: 49.88%
VGG-16
--------------------------------------------------
Epoch 3:
	Train loss: 816.122, Train Accuracy: 63.18%
VGG-16
--------------------------------------------------
Epoch 4:
	Train loss: 662.273, Train Accuracy: 70.40%
VGG-16
--------------------------------------------------
Epoch 5:
	Train loss: 555.459, Train Accuracy: 75.65%
VGG-16
--------------------------------------------------
Epoch 6:
	Train loss: 459.019, Train Accuracy: 80.20%
VGG-16
--------------------------------------------------
Epoch 7:
	Train loss: 383.379, Train Accuracy: 83.49%
VGG-16
--------------------------------------------------
Epoch 8:
	Train loss: 316.943, Train Accuracy: 86.35%
VGG-16
--------------------------------------------------
Epoch 9:
	Train loss: 262.315, Train Accuracy: 88.70%
VGG-16
--------------------------------------------------
Epoch 10:
	Train loss: 222.225, Train Accuracy: 90.48%
VGG-16
--------------------------------------------------
Epoch 11:
	Train loss: 186.251, Train Accuracy: 92.07%
VGG-16
--------------------------------------------------
Epoch 12:
	Train loss: 167.789, Train Accuracy: 92.94%
VGG-16
--------------------------------------------------
Epoch 13:
	Train loss: 145.090, Train Accuracy: 93.66%
VGG-16
--------------------------------------------------
Epoch 14:
	Train loss: 120.930, Train Accuracy: 94.92%
VGG-16
--------------------------------------------------
Epoch 15:
	Train loss: 101.175, Train Accuracy: 95.76%
VGG-16
--------------------------------------------------
Epoch 16:
	Train loss: 79.736, Train Accuracy: 96.75%
VGG-16
--------------------------------------------------
Epoch 17:
	Train loss: 77.863, Train Accuracy: 96.72%
VGG-16
--------------------------------------------------
Epoch 18:
	Train loss: 67.305, Train Accuracy: 97.26%
VGG-16
--------------------------------------------------
Epoch 19:
	Train loss: 76.298, Train Accuracy: 96.86%
VGG-16
--------------------------------------------------
Epoch 20:
	Train loss: 55.826, Train Accuracy: 97.73%
VGG-16
--------------------------------------------------
Epoch 21:
	Train loss: 56.456, Train Accuracy: 97.73%
VGG-16
--------------------------------------------------
Epoch 22:
	Train loss: 46.464, Train Accuracy: 98.16%
VGG-16
--------------------------------------------------
Epoch 23:
	Train loss: 39.055, Train Accuracy: 98.39%
VGG-16
--------------------------------------------------
Epoch 24:
	Train loss: 41.758, Train Accuracy: 98.33%
VGG-16
--------------------------------------------------
Epoch 25:
	Train loss: 40.116, Train Accuracy: 98.45%
VGG-16
--------------------------------------------------
Epoch 26:
	Train loss: 32.415, Train Accuracy: 98.73%
VGG-16
--------------------------------------------------
Epoch 27:
	Train loss: 34.228, Train Accuracy: 98.65%
VGG-16
--------------------------------------------------
Epoch 28:
	Train loss: 30.457, Train Accuracy: 98.79%
VGG-16
--------------------------------------------------
Epoch 29:
	Train loss: 28.436, Train Accuracy: 98.93%
VGG-16
--------------------------------------------------
Epoch 30:
	Train loss: 24.587, Train Accuracy: 99.04%
VGG-16
--------------------------------------------------
Epoch 31:
	Train loss: 24.317, Train Accuracy: 99.07%
VGG-16
--------------------------------------------------
Epoch 32:
	Train loss: 21.977, Train Accuracy: 99.19%
VGG-16
--------------------------------------------------
Epoch 33:
	Train loss: 21.327, Train Accuracy: 99.17%
VGG-16
--------------------------------------------------
Epoch 34:
	Train loss: 21.920, Train Accuracy: 99.15%
VGG-16
--------------------------------------------------
Epoch 35:
	Train loss: 25.644, Train Accuracy: 99.00%
VGG-16
--------------------------------------------------
Epoch 36:
	Train loss: 22.218, Train Accuracy: 99.12%
VGG-16
--------------------------------------------------
Epoch 37:
	Train loss: 20.571, Train Accuracy: 99.23%
VGG-16
--------------------------------------------------
Epoch 38:
	Train loss: 21.334, Train Accuracy: 99.16%
VGG-16
--------------------------------------------------
Epoch 39:
	Train loss: 12.806, Train Accuracy: 99.48%
VGG-16
--------------------------------------------------
Epoch 40:
	Train loss: 20.957, Train Accuracy: 99.22%
VGG-16
--------------------------------------------------
Epoch 41:
	Train loss: 20.493, Train Accuracy: 99.20%
VGG-16
--------------------------------------------------
Epoch 42:
	Train loss: 16.708, Train Accuracy: 99.36%
VGG-16
--------------------------------------------------
Epoch 43:
	Train loss: 18.494, Train Accuracy: 99.27%
VGG-16
--------------------------------------------------
Epoch 44:
	Train loss: 19.014, Train Accuracy: 99.28%
VGG-16
--------------------------------------------------
Epoch 45:
	Train loss: 15.590, Train Accuracy: 99.42%
VGG-16
--------------------------------------------------
Epoch 46:
	Train loss: 15.706, Train Accuracy: 99.43%
VGG-16
--------------------------------------------------
Epoch 47:
	Train loss: 18.300, Train Accuracy: 99.28%
VGG-16
--------------------------------------------------
Epoch 48:
	Train loss: 16.917, Train Accuracy: 99.41%
VGG-16
--------------------------------------------------
Epoch 49:
	Train loss: 15.429, Train Accuracy: 99.44%
VGG-16
--------------------------------------------------
Epoch 50:
	Train loss: 14.959, Train Accuracy: 99.46%
VGG-16
--------------------------------------------------
Epoch 50:
	Accuracy on test set: 81.15%
