VGG-16
--------------------------------------------------
Epoch 1:
	Train loss: 3529.958, Train Accuracy: 1.63%
VGG-16
--------------------------------------------------
Epoch 1:
	Accuracy on test set: 2.30%
	Elapsed Time: 0h 0m 58s
	Total Elapsed Time: 0h 0m 58s
--------------------------------------------------
VGG-16
--------------------------------------------------
Epoch 2:
	Train loss: 3386.427, Train Accuracy: 3.27%
VGG-16
--------------------------------------------------
Epoch 2:
	Accuracy on test set: 4.47%
	Elapsed Time: 0h 0m 50s
	Total Elapsed Time: 0h 1m 48s
--------------------------------------------------
VGG-16
--------------------------------------------------
Epoch 3:
	Train loss: 3085.610, Train Accuracy: 7.06%
VGG-16
--------------------------------------------------
Epoch 3:
	Accuracy on test set: 10.69%
	Elapsed Time: 0h 0m 51s
	Total Elapsed Time: 0h 2m 40s
--------------------------------------------------
VGG-16
--------------------------------------------------
Epoch 4:
	Train loss: 2845.229, Train Accuracy: 11.76%
VGG-16
--------------------------------------------------
Epoch 4:
	Accuracy on test set: 15.08%
	Elapsed Time: 0h 0m 50s
	Total Elapsed Time: 0h 3m 31s
--------------------------------------------------
VGG-16
--------------------------------------------------
Epoch 5:
	Train loss: 2604.794, Train Accuracy: 17.33%
VGG-16
--------------------------------------------------
Epoch 5:
	Accuracy on test set: 21.94%
	Elapsed Time: 0h 0m 52s
	Total Elapsed Time: 0h 4m 23s
--------------------------------------------------
VGG-16
--------------------------------------------------
Epoch 6:
	Train loss: 2355.896, Train Accuracy: 23.45%
VGG-16
--------------------------------------------------
Epoch 6:
	Accuracy on test set: 24.84%
	Elapsed Time: 0h 0m 50s
	Total Elapsed Time: 0h 5m 14s
--------------------------------------------------
VGG-16
--------------------------------------------------
Epoch 7:
	Train loss: 2151.294, Train Accuracy: 28.81%
VGG-16
--------------------------------------------------
Epoch 7:
	Accuracy on test set: 30.29%
	Elapsed Time: 0h 0m 51s
	Total Elapsed Time: 0h 6m 5s
--------------------------------------------------
VGG-16
--------------------------------------------------
Epoch 8:
	Train loss: 1959.288, Train Accuracy: 34.15%
VGG-16
--------------------------------------------------
Epoch 8:
	Accuracy on test set: 34.02%
	Elapsed Time: 0h 0m 50s
	Total Elapsed Time: 0h 6m 56s
--------------------------------------------------
VGG-16
--------------------------------------------------
Epoch 9:
	Train loss: 1778.383, Train Accuracy: 39.26%
VGG-16
--------------------------------------------------
Epoch 9:
	Accuracy on test set: 34.53%
	Elapsed Time: 0h 0m 51s
	Total Elapsed Time: 0h 7m 48s
--------------------------------------------------
VGG-16
--------------------------------------------------
Epoch 10:
	Train loss: 1621.697, Train Accuracy: 43.91%
VGG-16
--------------------------------------------------
Epoch 10:
	Accuracy on test set: 39.30%
	Elapsed Time: 0h 0m 50s
	Total Elapsed Time: 0h 8m 39s
--------------------------------------------------
VGG-16
--------------------------------------------------
Epoch 11:
	Train loss: 1476.855, Train Accuracy: 48.36%
VGG-16
--------------------------------------------------
Epoch 11:
	Accuracy on test set: 40.77%
	Elapsed Time: 0h 0m 52s
	Total Elapsed Time: 0h 9m 31s
--------------------------------------------------
VGG-16
--------------------------------------------------
Epoch 12:
	Train loss: 1368.880, Train Accuracy: 51.73%
VGG-16
--------------------------------------------------
Epoch 12:
	Accuracy on test set: 48.69%
	Elapsed Time: 0h 0m 51s
	Total Elapsed Time: 0h 10m 23s
--------------------------------------------------
VGG-16
--------------------------------------------------
Epoch 13:
	Train loss: 1258.452, Train Accuracy: 55.13%
VGG-16
--------------------------------------------------
Epoch 13:
	Accuracy on test set: 52.69%
	Elapsed Time: 0h 0m 50s
	Total Elapsed Time: 0h 11m 14s
--------------------------------------------------
VGG-16
--------------------------------------------------
Epoch 14:
	Train loss: 1165.655, Train Accuracy: 58.15%
VGG-16
--------------------------------------------------
Epoch 14:
	Accuracy on test set: 53.29%
	Elapsed Time: 0h 0m 51s
	Total Elapsed Time: 0h 12m 5s
--------------------------------------------------
VGG-16
--------------------------------------------------
Epoch 15:
	Train loss: 1095.353, Train Accuracy: 60.50%
VGG-16
--------------------------------------------------
Epoch 15:
	Accuracy on test set: 55.50%
	Elapsed Time: 0h 0m 50s
	Total Elapsed Time: 0h 12m 56s
--------------------------------------------------
VGG-16
--------------------------------------------------
Epoch 16:
	Train loss: 1035.232, Train Accuracy: 62.69%
VGG-16
--------------------------------------------------
Epoch 16:
	Accuracy on test set: 55.62%
	Elapsed Time: 0h 0m 51s
	Total Elapsed Time: 0h 13m 47s
--------------------------------------------------
VGG-16
--------------------------------------------------
Epoch 17:
	Train loss: 972.285, Train Accuracy: 64.82%
VGG-16
--------------------------------------------------
Epoch 17:
	Accuracy on test set: 62.81%
	Elapsed Time: 0h 0m 50s
	Total Elapsed Time: 0h 14m 38s
--------------------------------------------------
VGG-16
--------------------------------------------------
Epoch 18:
	Train loss: 932.496, Train Accuracy: 66.42%
VGG-16
--------------------------------------------------
Epoch 18:
	Accuracy on test set: 62.30%
	Elapsed Time: 0h 0m 51s
	Total Elapsed Time: 0h 15m 29s
--------------------------------------------------
VGG-16
--------------------------------------------------
Epoch 19:
	Train loss: 897.212, Train Accuracy: 67.89%
VGG-16
--------------------------------------------------
Epoch 19:
	Accuracy on test set: 63.31%
	Elapsed Time: 0h 0m 51s
	Total Elapsed Time: 0h 16m 20s
--------------------------------------------------
VGG-16
--------------------------------------------------
Epoch 20:
	Train loss: 856.615, Train Accuracy: 69.37%
VGG-16
--------------------------------------------------
Epoch 20:
	Accuracy on test set: 62.91%
	Elapsed Time: 0h 0m 50s
	Total Elapsed Time: 0h 17m 11s
--------------------------------------------------
VGG-16
--------------------------------------------------
Epoch 21:
	Train loss: 847.026, Train Accuracy: 69.64%
VGG-16
--------------------------------------------------
Epoch 21:
	Accuracy on test set: 64.32%
	Elapsed Time: 0h 0m 52s
	Total Elapsed Time: 0h 18m 4s
--------------------------------------------------
VGG-16
--------------------------------------------------
Epoch 22:
	Train loss: 816.736, Train Accuracy: 71.17%
VGG-16
--------------------------------------------------
Epoch 22:
	Accuracy on test set: 63.54%
	Elapsed Time: 0h 0m 50s
	Total Elapsed Time: 0h 18m 55s
--------------------------------------------------
VGG-16
--------------------------------------------------
Epoch 23:
	Train loss: 817.066, Train Accuracy: 71.25%
VGG-16
--------------------------------------------------
Epoch 23:
	Accuracy on test set: 66.51%
	Elapsed Time: 0h 0m 51s
	Total Elapsed Time: 0h 19m 46s
--------------------------------------------------
VGG-16
--------------------------------------------------
Epoch 24:
	Train loss: 783.352, Train Accuracy: 72.65%
VGG-16
--------------------------------------------------
Epoch 24:
	Accuracy on test set: 66.55%
	Elapsed Time: 0h 0m 50s
	Total Elapsed Time: 0h 20m 37s
--------------------------------------------------
VGG-16
--------------------------------------------------
Epoch 25:
	Train loss: 779.483, Train Accuracy: 72.98%
VGG-16
--------------------------------------------------
Epoch 25:
	Accuracy on test set: 67.84%
	Elapsed Time: 0h 0m 51s
	Total Elapsed Time: 0h 21m 28s
--------------------------------------------------
VGG-16
--------------------------------------------------
Epoch 26:
	Train loss: 777.943, Train Accuracy: 73.28%
VGG-16
--------------------------------------------------
Epoch 26:
	Accuracy on test set: 67.22%
	Elapsed Time: 0h 0m 50s
	Total Elapsed Time: 0h 22m 18s
--------------------------------------------------
VGG-16
--------------------------------------------------
Epoch 27:
	Train loss: 802.209, Train Accuracy: 72.68%
VGG-16
--------------------------------------------------
Epoch 27:
	Accuracy on test set: 67.59%
	Elapsed Time: 0h 0m 50s
	Total Elapsed Time: 0h 23m 9s
--------------------------------------------------
VGG-16
--------------------------------------------------
Epoch 28:
	Train loss: 817.513, Train Accuracy: 72.56%
VGG-16
--------------------------------------------------
Epoch 28:
	Accuracy on test set: 67.29%
	Elapsed Time: 0h 0m 51s
	Total Elapsed Time: 0h 24m 1s
--------------------------------------------------
VGG-16
--------------------------------------------------
Epoch 29:
	Train loss: 863.510, Train Accuracy: 71.24%
VGG-16
--------------------------------------------------
Epoch 29:
	Accuracy on test set: 66.98%
	Elapsed Time: 0h 0m 50s
	Total Elapsed Time: 0h 24m 51s
--------------------------------------------------
VGG-16
--------------------------------------------------
Epoch 30:
	Train loss: 858.868, Train Accuracy: 71.49%
VGG-16
--------------------------------------------------
Epoch 30:
	Accuracy on test set: 66.47%
	Elapsed Time: 0h 0m 52s
	Total Elapsed Time: 0h 25m 43s
--------------------------------------------------
VGG-16
--------------------------------------------------
Epoch 31:
	Train loss: 843.620, Train Accuracy: 72.20%
VGG-16
--------------------------------------------------
Epoch 31:
	Accuracy on test set: 66.53%
	Elapsed Time: 0h 0m 50s
	Total Elapsed Time: 0h 26m 34s
--------------------------------------------------
VGG-16
--------------------------------------------------
Epoch 32:
	Train loss: 891.029, Train Accuracy: 70.92%
VGG-16
--------------------------------------------------
Epoch 32:
	Accuracy on test set: 66.65%
	Elapsed Time: 0h 0m 51s
	Total Elapsed Time: 0h 27m 25s
--------------------------------------------------
VGG-16
--------------------------------------------------
Epoch 33:
	Train loss: 939.762, Train Accuracy: 69.54%
VGG-16
--------------------------------------------------
Epoch 33:
	Accuracy on test set: 65.89%
	Elapsed Time: 0h 0m 50s
	Total Elapsed Time: 0h 28m 16s
--------------------------------------------------
VGG-16
--------------------------------------------------
Epoch 34:
	Train loss: 995.393, Train Accuracy: 68.28%
VGG-16
--------------------------------------------------
Epoch 34:
	Accuracy on test set: 64.49%
	Elapsed Time: 0h 0m 51s
	Total Elapsed Time: 0h 29m 7s
--------------------------------------------------
VGG-16
--------------------------------------------------
Epoch 35:
	Train loss: 1068.637, Train Accuracy: 68.95%
VGG-16
--------------------------------------------------
Epoch 35:
	Accuracy on test set: 64.00%
	Elapsed Time: 0h 0m 50s
	Total Elapsed Time: 0h 29m 58s
--------------------------------------------------
VGG-16
--------------------------------------------------
Epoch 36:
	Train loss: 1153.055, Train Accuracy: 70.06%
VGG-16
--------------------------------------------------
Epoch 36:
	Accuracy on test set: 65.39%
	Elapsed Time: 0h 0m 50s
	Total Elapsed Time: 0h 30m 49s
--------------------------------------------------
VGG-16
--------------------------------------------------
Epoch 37:
	Train loss: 1176.757, Train Accuracy: 73.02%
VGG-16
--------------------------------------------------
Epoch 37:
	Accuracy on test set: 64.74%
	Elapsed Time: 0h 0m 51s
	Total Elapsed Time: 0h 31m 41s
--------------------------------------------------
VGG-16
--------------------------------------------------
Epoch 38:
	Train loss: 1297.221, Train Accuracy: 69.84%
VGG-16
--------------------------------------------------
Epoch 38:
	Accuracy on test set: 60.17%
	Elapsed Time: 0h 0m 50s
	Total Elapsed Time: 0h 32m 31s
--------------------------------------------------
VGG-16
--------------------------------------------------
Epoch 39:
	Train loss: 1374.165, Train Accuracy: 71.63%
VGG-16
--------------------------------------------------
Epoch 39:
	Accuracy on test set: 64.84%
	Elapsed Time: 0h 0m 51s
	Total Elapsed Time: 0h 33m 23s
--------------------------------------------------
VGG-16
--------------------------------------------------
Epoch 40:
	Train loss: 1429.479, Train Accuracy: 71.25%
VGG-16
--------------------------------------------------
Epoch 40:
	Accuracy on test set: 63.66%
	Elapsed Time: 0h 0m 50s
	Total Elapsed Time: 0h 34m 13s
--------------------------------------------------
VGG-16
--------------------------------------------------
Epoch 41:
	Train loss: 1580.406, Train Accuracy: 72.33%
VGG-16
--------------------------------------------------
Epoch 41:
	Accuracy on test set: 64.69%
	Elapsed Time: 0h 0m 51s
	Total Elapsed Time: 0h 35m 4s
--------------------------------------------------
VGG-16
--------------------------------------------------
Epoch 42:
	Train loss: 1632.030, Train Accuracy: 70.33%
VGG-16
--------------------------------------------------
Epoch 42:
	Accuracy on test set: 63.67%
	Elapsed Time: 0h 0m 50s
	Total Elapsed Time: 0h 35m 55s
--------------------------------------------------
VGG-16
--------------------------------------------------
Epoch 43:
	Train loss: 1765.968, Train Accuracy: 71.83%
VGG-16
--------------------------------------------------
Epoch 43:
	Accuracy on test set: 65.20%
	Elapsed Time: 0h 0m 50s
	Total Elapsed Time: 0h 36m 45s
--------------------------------------------------
VGG-16
--------------------------------------------------
Epoch 44:
	Train loss: 1878.426, Train Accuracy: 70.40%
VGG-16
--------------------------------------------------
Epoch 44:
	Accuracy on test set: 61.37%
	Elapsed Time: 0h 0m 50s
	Total Elapsed Time: 0h 37m 36s
--------------------------------------------------
VGG-16
--------------------------------------------------
Epoch 45:
	Train loss: 1985.486, Train Accuracy: 70.63%
VGG-16
--------------------------------------------------
Epoch 45:
	Accuracy on test set: 64.26%
	Elapsed Time: 0h 0m 51s
	Total Elapsed Time: 0h 38m 27s
--------------------------------------------------
VGG-16
--------------------------------------------------
Epoch 46:
	Train loss: 2101.790, Train Accuracy: 70.38%
VGG-16
--------------------------------------------------
Epoch 46:
	Accuracy on test set: 62.66%
	Elapsed Time: 0h 0m 50s
	Total Elapsed Time: 0h 39m 17s
--------------------------------------------------
VGG-16
--------------------------------------------------
Epoch 47:
	Train loss: 2190.951, Train Accuracy: 70.29%
VGG-16
--------------------------------------------------
Epoch 47:
	Accuracy on test set: 63.59%
	Elapsed Time: 0h 0m 50s
	Total Elapsed Time: 0h 40m 8s
--------------------------------------------------
VGG-16
--------------------------------------------------
Epoch 48:
	Train loss: 2315.089, Train Accuracy: 71.17%
VGG-16
--------------------------------------------------
Epoch 48:
	Accuracy on test set: 62.01%
	Elapsed Time: 0h 0m 50s
	Total Elapsed Time: 0h 40m 59s
--------------------------------------------------
VGG-16
--------------------------------------------------
Epoch 49:
	Train loss: 2469.431, Train Accuracy: 72.19%
VGG-16
--------------------------------------------------
Epoch 49:
	Accuracy on test set: 61.36%
	Elapsed Time: 0h 0m 50s
	Total Elapsed Time: 0h 41m 49s
--------------------------------------------------
VGG-16
--------------------------------------------------
Epoch 50:
	Train loss: 2603.302, Train Accuracy: 71.32%
VGG-16
--------------------------------------------------
Epoch 50:
	Accuracy on test set: 61.02%
	Elapsed Time: 0h 0m 50s
	Total Elapsed Time: 0h 42m 40s
--------------------------------------------------
